[1110/064631.059:INFO:crash_reporting.cc(219)] Crash reporting enabled for process: browser
[1110/064631.298:INFO:gpu_process_host.cc(941)] [XWEB_LOG_GPU]  GPU process laucnched multi-process mode SUCCESS!!! gpu-process-pid:19056 gpu-process-sandbox:1
[1110/064631.399:INFO:crash_reporting.cc(219)] Crash reporting enabled for process: gpu-process
[1110/064632.493:INFO:crash_reporting.cc(219)] Crash reporting enabled for process: utility
[1110/064832.325:INFO:crash_reporting.cc(219)] Crash reporting enabled for process: gpu-process
[1110/082212.665:WARNING:dns_config_service_win.cc(672)] Failed to read DnsConfig.
[1110/082217.680:WARNING:dns_config_service_win.cc(672)] Failed to read DnsConfig.
[1110/082218.513:WARNING:dns_config_service_win.cc(672)] Failed to read DnsConfig.
[1110/082222.693:WARNING:dns_config_service_win.cc(672)] Failed to read DnsConfig.
[1110/082222.896:WARNING:dns_config_service_win.cc(672)] Failed to read DnsConfig.
[1110/082222.914:WARNING:dns_config_service_win.cc(672)] Failed to read DnsConfig.
[1110/082223.541:WARNING:dns_config_service_win.cc(672)] Failed to read DnsConfig.
[1110/082227.711:WARNING:dns_config_service_win.cc(672)] Failed to read DnsConfig.
[1110/082227.921:WARNING:dns_config_service_win.cc(672)] Failed to read DnsConfig.
[1110/082228.601:WARNING:dns_config_service_win.cc(672)] Failed to read DnsConfig.
[1110/082232.731:WARNING:dns_config_service_win.cc(672)] Failed to read DnsConfig.
[1110/082232.937:WARNING:dns_config_service_win.cc(672)] Failed to read DnsConfig.
[1110/082233.610:WARNING:dns_config_service_win.cc(672)] Failed to read DnsConfig.
[1110/082237.751:WARNING:dns_config_service_win.cc(672)] Failed to read DnsConfig.
[1110/082237.957:WARNING:dns_config_service_win.cc(672)] Failed to read DnsConfig.
[1110/082238.624:WARNING:dns_config_service_win.cc(672)] Failed to read DnsConfig.
[1110/082242.757:WARNING:dns_config_service_win.cc(672)] Failed to read DnsConfig.
[1110/082242.976:WARNING:dns_config_service_win.cc(672)] Failed to read DnsConfig.
[1110/082243.637:WARNING:dns_config_service_win.cc(672)] Failed to read DnsConfig.
[1110/082247.770:WARNING:dns_config_service_win.cc(672)] Failed to read DnsConfig.
[1110/082247.991:WARNING:dns_config_service_win.cc(672)] Failed to read DnsConfig.
[1110/082248.652:WARNING:dns_config_service_win.cc(672)] Failed to read DnsConfig.
[1110/082252.781:WARNING:dns_config_service_win.cc(672)] Failed to read DnsConfig.
[1110/082253.002:WARNING:dns_config_service_win.cc(672)] Failed to read DnsConfig.
[1110/082253.662:WARNING:dns_config_service_win.cc(672)] Failed to read DnsConfig.
[1110/082257.799:WARNING:dns_config_service_win.cc(672)] Failed to read DnsConfig.
[1110/082258.020:WARNING:dns_config_service_win.cc(672)] Failed to read DnsConfig.
[1110/082258.678:WARNING:dns_config_service_win.cc(672)] Failed to read DnsConfig.
[1110/082302.809:WARNING:dns_config_service_win.cc(672)] Failed to read DnsConfig.
[1110/082303.035:WARNING:dns_config_service_win.cc(672)] Failed to read DnsConfig.
[1110/082303.696:WARNING:dns_config_service_win.cc(672)] Failed to read DnsConfig.
[1110/082307.815:WARNING:dns_config_service_win.cc(672)] Failed to read DnsConfig.
[1110/082308.049:WARNING:dns_config_service_win.cc(672)] Failed to read DnsConfig.
[1110/082308.716:WARNING:dns_config_service_win.cc(672)] Failed to read DnsConfig.
[1110/082312.831:WARNING:dns_config_service_win.cc(672)] Failed to read DnsConfig.
[1110/082313.067:WARNING:dns_config_service_win.cc(672)] Failed to read DnsConfig.
[1110/082313.732:WARNING:dns_config_service_win.cc(672)] Failed to read DnsConfig.
[1110/082317.848:WARNING:dns_config_service_win.cc(672)] Failed to read DnsConfig.
[1110/082318.084:WARNING:dns_config_service_win.cc(672)] Failed to read DnsConfig.
[1110/082318.745:WARNING:dns_config_service_win.cc(672)] Failed to read DnsConfig.
[1110/082322.853:WARNING:dns_config_service_win.cc(672)] Failed to read DnsConfig.
[1110/082323.091:WARNING:dns_config_service_win.cc(672)] Failed to read DnsConfig.
[1110/082323.751:WARNING:dns_config_service_win.cc(672)] Failed to read DnsConfig.
[1110/093158.510:WARNING:dns_config_service_win.cc(672)] Failed to read DnsConfig.
[1110/093250.972:WARNING:dns_config_service_win.cc(672)] Failed to read DnsConfig.
[1110/093256.014:WARNING:dns_config_service_win.cc(672)] Failed to read DnsConfig.
[1110/093256.562:WARNING:dns_config_service_win.cc(672)] Failed to read DnsConfig.
[1110/093301.023:WARNING:dns_config_service_win.cc(672)] Failed to read DnsConfig.
[1110/093301.581:WARNING:dns_config_service_win.cc(672)] Failed to read DnsConfig.
[1110/093306.031:WARNING:dns_config_service_win.cc(672)] Failed to read DnsConfig.
[1110/093306.596:WARNING:dns_config_service_win.cc(672)] Failed to read DnsConfig.
[1110/093311.042:WARNING:dns_config_service_win.cc(672)] Failed to read DnsConfig.
[1110/093311.611:WARNING:dns_config_service_win.cc(672)] Failed to read DnsConfig.
[1110/093316.055:WARNING:dns_config_service_win.cc(672)] Failed to read DnsConfig.
[1110/093316.621:WARNING:dns_config_service_win.cc(672)] Failed to read DnsConfig.
[1110/093321.065:WARNING:dns_config_service_win.cc(672)] Failed to read DnsConfig.
[1110/093321.629:WARNING:dns_config_service_win.cc(672)] Failed to read DnsConfig.
[1110/230730.085:WARNING:dns_config_service_win.cc(672)] Failed to read DnsConfig.
[1110/230732.943:WARNING:dns_config_service_win.cc(672)] Failed to read DnsConfig.
[1110/230735.100:WARNING:dns_config_service_win.cc(672)] Failed to read DnsConfig.
[1110/230737.957:WARNING:dns_config_service_win.cc(672)] Failed to read DnsConfig.
[1110/230740.118:WARNING:dns_config_service_win.cc(672)] Failed to read DnsConfig.
[1110/230742.978:WARNING:dns_config_service_win.cc(672)] Failed to read DnsConfig.
[1110/230745.137:WARNING:dns_config_service_win.cc(672)] Failed to read DnsConfig.
[1110/230747.998:WARNING:dns_config_service_win.cc(672)] Failed to read DnsConfig.
[1110/230750.149:WARNING:dns_config_service_win.cc(672)] Failed to read DnsConfig.
